[2024-05-20][17:33:44.369316300]Provision elegido correctamente
[2024-05-20][17:33:46.770660400]Tipo de provisiones elegido correctamente
[2024-05-20][17:33:46.771659900]Faly asignado a una mision correctamente
[2024-05-20][17:35:12.281958600]Provision elegido correctamente
[2024-05-20][17:35:14.299400100]Tipo de provisiones elegido correctamente
[2024-05-20][17:35:14.300397800]Faly asignado a una mision correctamente
[2024-05-20][17:35:30.443021800]Provision elegido correctamente
[2024-05-20][17:35:31.893328500]Tipo de provisiones elegido correctamente
[2024-05-20][17:35:31.894330900]Faly asignado a una mision correctamente
[2024-05-20][17:44:13.596129600]Provision elegido correctamente
[2024-05-20][17:44:18.704913300]Tipo de provisiones elegido correctamente
[2024-05-20][17:44:18.705912300]Faly asignado a una mision correctamente
[2024-05-20][17:45:25.238573900]Provision elegido correctamente
[2024-05-20][17:45:29.887540100]Error en elegir tipo de provisiones
[2024-05-20][17:45:34.065566600]Tipo de provisiones elegido correctamente
[2024-05-20][17:45:34.066567]Faly asignado a una mision correctamente
[2024-05-21][16:31:56.293423600]Piloto escrito existente: Faly
[2024-05-21][16:37:10.523928300]Tipo de provisiones elegido correctamente
[2024-05-21][16:37:10.526921300]Faly asignado a una mision correctamente
[2024-05-21][16:37:10.526921300]Mauricio asignado a una mision correctamente
[2024-05-21][16:37:10.527919100]Omar asignado a una mision correctamente
[2024-05-21][16:39:59.314680900]Tipo de provisiones elegido correctamente
[2024-05-21][16:39:59.315680700]Faly asignado a una mision correctamente
[2024-05-21][16:39:59.315680700]Mauricio asignado a una mision correctamente
[2024-05-21][16:39:59.315680700]Omar asignado a una mision correctamente
